cargo : warning: unused variable: `minter`
At line:1 char:1
+ cargo check --workspace --tests 2> cargo_errors.log
+ ~~~~~~~~~~~~~~~~~~~~~~~~~~~~~~~~~~~~~~~~~~~~~~~~~~~
    + CategoryInfo          : NotSpecified: (warning: unused variable: `minter`:String) [], RemoteException
    + FullyQualifiedErrorId : NativeCommandError
 
   --> contracts\nft-reward\src\lib.rs:201:9
    |
201 |         minter: Address,
    |         ^^^^^^ help: if this is intentional, prefix it with an underscore: `_minter`
    |
    = note: `#[warn(unused_variables)]` (part of `#[warn(unused)]`) on by default

warning: unused variable: `minter`
   --> contracts\nft-reward\src\lib.rs:228:9
    |
228 |         minter: Address,
    |         ^^^^^^ help: if this is intentional, prefix it with an underscore: `_minter`

warning: associated function `save_max_supply` is never used
  --> contracts\nft-reward\src\storage.rs:59:12
   |
 7 | impl Storage {
   | ------------ associated function in this implementation
...
59 |     pub fn save_max_supply(env: &Env, max_supply: Option<u64>) {
   |            ^^^^^^^^^^^^^^^
   |
   = note: `#[warn(dead_code)]` (part of `#[warn(unused)]`) on by default

    Checking nft-reward v0.0.0 (C:\Users\HomePC\Documents\D\Hunty-contract\contracts\nft-reward)
warning: `nft-reward` (lib) generated 3 warnings (run `cargo fix --lib -p nft-reward` to apply 2 suggestions)
warning: unused import: `Ledger as _`
 --> contracts\reward-manager\src\test.rs:7:48
  |
7 |     use soroban_sdk::testutils::{Address as _, Ledger as _};
  |                                                ^^^^^^^^^^^
  |
  = note: `#[warn(unused_imports)]` (part of `#[warn(unused)]`) on by default

warning: unused variable: `admin`
    --> contracts\reward-manager\src\test.rs:1090:13
     |
1090 |         let admin = Address::generate(&env);
     |             ^^^^^ help: if this is intentional, prefix it with an underscore: `_admin`
     |
     = note: `#[warn(unused_variables)]` (part of `#[warn(unused)]`) on by default

warning: unused variable: `admin`
    --> contracts\reward-manager\src\test.rs:1113:13
     |
1113 |         let admin = Address::generate(&env);
     |             ^^^^^ help: if this is intentional, prefix it with an underscore: `_admin`

warning: unused variable: `token_admin`
    --> contracts\reward-manager\src\test.rs:1292:42
     |
1292 |         let (contract_id, token_address, token_admin) = setup(&env);
     |                                          ^^^^^^^^^^^ help: if this is intentional, prefix it with an 
underscore: `_token_admin`

warning: unused `std::result::Result` that must be used
    --> contracts\reward-manager\src\test.rs:1096:13
     |
1096 |             RewardManager::initialize(env.clone(), token_admin.clone(), token_address.clone());
     |             ^^^^^^^^^^^^^^^^^^^^^^^^^^^^^^^^^^^^^^^^^^^^^^^^^^^^^^^^^^^^^^^^^^^^^^^^^^^^^^^^^^
     |
     = note: this `Result` may be an `Err` variant, which should be handled
     = note: `#[warn(unused_must_use)]` (part of `#[warn(unused)]`) on by default
help: use `let _ = ...` to ignore the resulting value
     |
1096 |             let _ = RewardManager::initialize(env.clone(), token_admin.clone(), token_address.clone());
     |             +++++++

warning: unused `std::result::Result` that must be used
    --> contracts\reward-manager\src\test.rs:1120:13
     |
1120 |             RewardManager::initialize(env.clone(), token_admin.clone(), token_address.clone());
     |             ^^^^^^^^^^^^^^^^^^^^^^^^^^^^^^^^^^^^^^^^^^^^^^^^^^^^^^^^^^^^^^^^^^^^^^^^^^^^^^^^^^
     |
     = note: this `Result` may be an `Err` variant, which should be handled
help: use `let _ = ...` to ignore the resulting value
     |
1120 |             let _ = RewardManager::initialize(env.clone(), token_admin.clone(), token_address.clone());
     |             +++++++

warning: `reward-manager` (lib test) generated 6 warnings (run `cargo fix --lib -p reward-manager --tests` to apply 4 
suggestions)
warning: unused import: `alloc::string::String as StdString`
  --> contracts\hunty-core\src\lib.rs:12:5
   |
12 | use alloc::string::String as StdString;
   |     ^^^^^^^^^^^^^^^^^^^^^^^^^^^^^^^^^^
   |
   = note: `#[warn(unused_imports)]` (part of `#[warn(unused)]`) on by default

    Checking hunty-core v0.0.0 (C:\Users\HomePC\Documents\D\Hunty-contract\contracts\hunty-core)
warning: `hunty-core` (lib) generated 1 warning (run `cargo fix --lib -p hunty-core` to apply 1 suggestion)
warning: use of deprecated method `soroban_sdk::Env::register_contract`: use `register`
  --> contracts\hunty-core\tests\test.rs:33:23
   |
33 |     let core_id = env.register_contract(None, HuntyCore);
   |                       ^^^^^^^^^^^^^^^^^
   |
   = note: `#[warn(deprecated)]` on by default

warning: unused import: `Register`
 --> contracts\hunty-core\tests\test.rs:1:57
  |
1 | use soroban_sdk::testutils::{Address as _, Ledger as _, Register as _};
  |                                                         ^^^^^^^^
  |
  = note: `#[warn(unused_imports)]` (part of `#[warn(unused)]`) on by default

warning: `hunty-core` (test "test") generated 2 warnings
error[E0433]: cannot find `RewardConfig` in `types`
    --> contracts\hunty-core\src\test.rs:4711:36
     |
4711 |         let config = crate::types::RewardConfig::new(5, false, None, 10, 0, 0);
     |                                    ^^^^^^^^^^^^ could not find `RewardConfig` in `types`
     |
help: a struct with a similar name exists
     |
4711 |         let config = crate::types::HuntRewardConfig::new(5, false, None, 10, 0, 0);
     |                                    ++++

error[E0433]: cannot find `RewardConfig` in `types`
    --> contracts\hunty-core\src\test.rs:4721:36
     |
4721 |         let config = crate::types::RewardConfig::new(100, false, None, 0, 0, 0);
     |                                    ^^^^^^^^^^^^ could not find `RewardConfig` in `types`
     |
help: a struct with a similar name exists
     |
4721 |         let config = crate::types::HuntRewardConfig::new(100, false, None, 0, 0, 0);
     |                                    ++++

error[E0433]: cannot find `RewardConfig` in `types`
    --> contracts\hunty-core\src\test.rs:4728:36
     |
4728 |         let config = crate::types::RewardConfig::new(100, false, None, 10, 0, 0);
     |                                    ^^^^^^^^^^^^ could not find `RewardConfig` in `types`
     |
help: a struct with a similar name exists
     |
4728 |         let config = crate::types::HuntRewardConfig::new(100, false, None, 10, 0, 0);
     |                                    ++++

error[E0433]: cannot find `RewardConfig` in `types`
    --> contracts\hunty-core\src\test.rs:4735:36
     |
4735 |         let config = crate::types::RewardConfig::new(7, false, None, 3, 0, 0);
     |                                    ^^^^^^^^^^^^ could not find `RewardConfig` in `types`
     |
help: a struct with a similar name exists
     |
4735 |         let config = crate::types::HuntRewardConfig::new(7, false, None, 3, 0, 0);
     |                                    ++++

error[E0425]: cannot find value `title` in this scope
    --> contracts\hunty-core\src\test.rs:1075:68
     |
1075 |             let hid = HuntyCore::create_hunt(env.clone(), creator, title, description, None, None)
     |                                                                    ^^^^^ not found in this scope

error[E0425]: cannot find value `description` in this scope
    --> contracts\hunty-core\src\test.rs:1075:75
     |
1075 |             let hid = HuntyCore::create_hunt(env.clone(), creator, title, description, None, None)
     |                                                                           ^^^^^^^^^^^ not found in this scope

warning: unused import: `crate::HuntyCore`
 --> contracts\hunty-core\src\test.rs:1:5
  |
1 | use crate::HuntyCore;
  |     ^^^^^^^^^^^^^^^^

warning: unused import: `String`
 --> contracts\hunty-core\src\test.rs:3:33
  |
3 | use soroban_sdk::{Address, Env, String};
  |                                 ^^^^^^

warning: unused import: `NftMetadata`
  --> contracts\hunty-core\src\test.rs:27:22
   |
27 |     use nft_reward::{NftMetadata, NftReward};
   |                      ^^^^^^^^^^^

warning: cannot test inner items
    --> contracts\hunty-core\src\test.rs:4619:1
     |
4619 | #[test]
     | ^^^^^^^
     |
     = note: `#[warn(unnameable_test_items)]` on by default

warning: use of deprecated method `soroban_sdk::Env::register_contract`: use `register`
  --> contracts\nft-reward\src\test.rs:17:27
   |
17 |     let contract_id = env.register_contract(None, NftReward);
   |                           ^^^^^^^^^^^^^^^^^
   |
   = note: `#[warn(deprecated)]` on by default

warning: use of deprecated method `soroban_sdk::Env::register_contract`: use `register`
  --> contracts\nft-reward\src\test.rs:27:27
   |
27 |     let contract_id = env.register_contract(None, NftReward);
   |                           ^^^^^^^^^^^^^^^^^

error[E0599]: no method named `try_into_val` found for struct `soroban_sdk::Val` in the current scope
   --> contracts\nft-reward\src\test.rs:223:32
    |
223 |         topics.get(0).unwrap().try_into_val::<Symbol>(&env).unwrap(),
    |                                ^^^^^^^^^^^^
    |
   ::: 
C:\Users\HomePC\.cargo\registry\src\index.crates.io-1949cf8c6b5b557f\soroban-env-common-22.1.3\src\convert.rs:33:8
    |
 33 |     fn try_into_val(&self, env: &E) -> Result<V, Self::Error>;
    |        ------------ the method is available for `soroban_sdk::Val` here
    |
    = help: items from traits can only be used if the trait is in scope
help: trait `TryIntoVal` which provides `try_into_val` is implemented but not in scope; perhaps you want to import it
    |
  2 + use soroban_sdk::TryIntoVal;
    |
help: there is a method `into_val` with a similar name
    |
223 -         topics.get(0).unwrap().try_into_val::<Symbol>(&env).unwrap(),
223 +         topics.get(0).unwrap().into_val::<Symbol>(&env).unwrap(),
    |

error[E0599]: no method named `try_into_val` found for struct `soroban_sdk::Val` in the current scope
   --> contracts\nft-reward\src\test.rs:227:32
    |
227 |         topics.get(1).unwrap().try_into_val::<u64>(&env).unwrap(),
    |                                ^^^^^^^^^^^^
    |
   ::: 
C:\Users\HomePC\.cargo\registry\src\index.crates.io-1949cf8c6b5b557f\soroban-env-common-22.1.3\src\convert.rs:33:8
    |
 33 |     fn try_into_val(&self, env: &E) -> Result<V, Self::Error>;
    |        ------------ the method is available for `soroban_sdk::Val` here
    |
    = help: items from traits can only be used if the trait is in scope
help: trait `TryIntoVal` which provides `try_into_val` is implemented but not in scope; perhaps you want to import it
    |
  2 + use soroban_sdk::TryIntoVal;
    |
help: there is a method `into_val` with a similar name
    |
227 -         topics.get(1).unwrap().try_into_val::<u64>(&env).unwrap(),
227 +         topics.get(1).unwrap().into_val::<u64>(&env).unwrap(),
    |

warning: use of deprecated method `soroban_sdk::Env::register_contract`: use `register`
   --> contracts\nft-reward\src\test.rs:598:50
    |
598 |     let client = NftRewardClient::new(&env, &env.register_contract(None, NftReward));
    |                                                  ^^^^^^^^^^^^^^^^^

warning: use of deprecated method `soroban_sdk::Env::register_contract`: use `register`
   --> contracts\nft-reward\src\test.rs:625:50
    |
625 |     let client = NftRewardClient::new(&env, &env.register_contract(None, NftReward));
    |                                                  ^^^^^^^^^^^^^^^^^

warning: use of deprecated method `soroban_sdk::Env::register_contract`: use `register`
   --> contracts\nft-reward\src\test.rs:724:50
    |
724 |     let client = NftRewardClient::new(&env, &env.register_contract(None, NftReward));
    |                                                  ^^^^^^^^^^^^^^^^^

warning: use of deprecated method `soroban_sdk::Env::register_contract`: use `register`
   --> contracts\nft-reward\src\test.rs:824:50
    |
824 |     let client = NftRewardClient::new(&env, &env.register_contract(None, NftReward));
    |                                                  ^^^^^^^^^^^^^^^^^

warning: use of deprecated method `soroban_sdk::Env::register_contract`: use `register`
   --> contracts\nft-reward\src\test.rs:846:50
    |
846 |     let client = NftRewardClient::new(&env, &env.register_contract(None, NftReward));
    |                                                  ^^^^^^^^^^^^^^^^^

warning: unused variable: `minter`
   --> contracts\nft-reward\src\test.rs:770:35
    |
770 |     let (env, contract_id, admin, minter) = setup_initialized();
    |                                   ^^^^^^ help: if this is intentional, prefix it with an underscore: `_minter`

For more information about this error, try `rustc --explain E0599`.
warning: `nft-reward` (lib test) generated 10 warnings (2 duplicates)
error: could not compile `nft-reward` (lib test) due to 2 previous errors; 10 warnings emitted
warning: build failed, waiting for other jobs to finish...
warning: use of deprecated method `soroban_sdk::Env::register_contract`: use `register`
  --> contracts\hunty-core\src\test.rs:34:31
   |
34 |         let contract_id = env.register_contract(None, HuntyCore);
   |                               ^^^^^^^^^^^^^^^^^
   |
   = note: `#[warn(deprecated)]` on by default

warning: use of deprecated method `soroban_sdk::Env::register_contract`: use `register`
   --> contracts\hunty-core\src\test.rs:176:31
    |
176 |         let contract_id = env.register_contract(None, HuntyCore);
    |                               ^^^^^^^^^^^^^^^^^

warning: use of deprecated method `soroban_sdk::Env::register_contract`: use `register`
   --> contracts\hunty-core\src\test.rs:633:31
    |
633 |         let contract_id = env.register_contract(None, HuntyCore);
    |                               ^^^^^^^^^^^^^^^^^

warning: use of deprecated method `soroban_sdk::Env::register_contract`: use `register`
   --> contracts\hunty-core\src\test.rs:741:31
    |
741 |         let contract_id = env.register_contract(None, HuntyCore);
    |                               ^^^^^^^^^^^^^^^^^

error[E0027]: pattern does not mention field `difficulty`
    --> contracts\hunty-core\src\test.rs:1036:13
     |
1036 |           let ClueInfo {
     |  _____________^
1037 | |             clue_id,
1038 | |             question: ret_question,
1039 | |             points,
1040 | |             is_required,
1041 | |         } = info;
     | |_________^ missing field `difficulty`
     |
help: include the missing field in the pattern
     |
1040 -             is_required,
1041 -         } = info;
1040 +             is_required, difficulty } = info;
     |
help: if you don't care about this missing field, you can explicitly ignore it
     |
1040 -             is_required,
1041 -         } = info;
1040 +             is_required, difficulty: _ } = info;
     |
help: or always ignore missing fields here
     |
1040 -             is_required,
1041 -         } = info;
1040 +             is_required, .. } = info;
     |

warning: use of deprecated method `soroban_sdk::Env::register_contract`: use `register`
    --> contracts\hunty-core\src\test.rs:1344:31
     |
1344 |         let contract_id = env.register_contract(None, HuntyCore);
     |                               ^^^^^^^^^^^^^^^^^

warning: use of deprecated method `soroban_sdk::Env::register_contract`: use `register`
    --> contracts\hunty-core\src\test.rs:1389:31
     |
1389 |         let contract_id = env.register_contract(None, HuntyCore);
     |                               ^^^^^^^^^^^^^^^^^

warning: use of deprecated method `soroban_sdk::Env::register_contract`: use `register`
    --> contracts\hunty-core\src\test.rs:1515:31
     |
1515 |         let contract_id = env.register_contract(None, HuntyCore);
     |                               ^^^^^^^^^^^^^^^^^

warning: use of deprecated method `soroban_sdk::Env::register_contract`: use `register`
    --> contracts\hunty-core\src\test.rs:1558:31
     |
1558 |         let contract_id = env.register_contract(None, HuntyCore);
     |                               ^^^^^^^^^^^^^^^^^

warning: use of deprecated method `soroban_sdk::Env::register_contract`: use `register`
    --> contracts\hunty-core\src\test.rs:1604:31
     |
1604 |         let contract_id = env.register_contract(None, HuntyCore);
     |                               ^^^^^^^^^^^^^^^^^

warning: use of deprecated method `soroban_sdk::Env::register_contract`: use `register`
    --> contracts\hunty-core\src\test.rs:2265:27
     |
2265 |         let core_id = env.register_contract(None, HuntyCore);
     |                           ^^^^^^^^^^^^^^^^^

warning: use of deprecated method `soroban_sdk::Env::register_contract`: use `register`
    --> contracts\hunty-core\src\test.rs:2820:31
     |
2820 |         let contract_id = env.register_contract(None, HuntyCore);
     |                               ^^^^^^^^^^^^^^^^^

warning: use of deprecated method `soroban_sdk::Env::register_contract`: use `register`
    --> contracts\hunty-core\src\test.rs:2882:31
     |
2882 |         let contract_id = env.register_contract(None, HuntyCore);
     |                               ^^^^^^^^^^^^^^^^^

warning: use of deprecated method `soroban_sdk::Env::register_contract`: use `register`
    --> contracts\hunty-core\src\test.rs:2934:31
     |
2934 |         let contract_id = env.register_contract(None, HuntyCore);
     |                               ^^^^^^^^^^^^^^^^^

warning: use of deprecated method `soroban_sdk::Env::register_contract`: use `register`
    --> contracts\hunty-core\src\test.rs:2976:31
     |
2976 |         let contract_id = env.register_contract(None, HuntyCore);
     |                               ^^^^^^^^^^^^^^^^^

warning: use of deprecated method `soroban_sdk::Env::register_contract`: use `register`
    --> contracts\hunty-core\src\test.rs:3023:31
     |
3023 |         let contract_id = env.register_contract(None, HuntyCore);
     |                               ^^^^^^^^^^^^^^^^^

warning: use of deprecated method `soroban_sdk::Env::register_contract`: use `register`
    --> contracts\hunty-core\src\test.rs:3120:31
     |
3120 |         let contract_id = env.register_contract(None, HuntyCore);
     |                               ^^^^^^^^^^^^^^^^^

warning: use of deprecated method `soroban_sdk::Env::register_contract`: use `register`
    --> contracts\hunty-core\src\test.rs:3172:31
     |
3172 |         let contract_id = env.register_contract(None, HuntyCore);
     |                               ^^^^^^^^^^^^^^^^^

warning: use of deprecated method `soroban_sdk::Env::register_contract`: use `register`
    --> contracts\hunty-core\src\test.rs:3270:31
     |
3270 |         let contract_id = env.register_contract(None, HuntyCore);
     |                               ^^^^^^^^^^^^^^^^^

warning: use of deprecated method `soroban_sdk::Env::register_contract`: use `register`
    --> contracts\hunty-core\src\test.rs:3421:31
     |
3421 |         let contract_id = env.register_contract(None, HuntyCore);
     |                               ^^^^^^^^^^^^^^^^^

warning: use of deprecated method `soroban_sdk::Env::register_contract`: use `register`
    --> contracts\hunty-core\src\test.rs:3569:31
     |
3569 |         let contract_id = env.register_contract(None, HuntyCore);
     |                               ^^^^^^^^^^^^^^^^^

warning: use of deprecated method `soroban_sdk::Env::register_contract`: use `register`
    --> contracts\hunty-core\src\test.rs:3637:31
     |
3637 |         let contract_id = env.register_contract(None, HuntyCore);
     |                               ^^^^^^^^^^^^^^^^^

warning: use of deprecated method `soroban_sdk::Env::register_contract`: use `register`
    --> contracts\hunty-core\src\test.rs:3704:27
     |
3704 |         let core_id = env.register_contract(None, HuntyCore);
     |                           ^^^^^^^^^^^^^^^^^

warning: use of deprecated method `soroban_sdk::Env::register_contract`: use `register`
    --> contracts\hunty-core\src\test.rs:3705:35
     |
3705 |         let nft_contract_id = env.register_contract(None, NftReward);
     |                                   ^^^^^^^^^^^^^^^^^

error[E0061]: this method takes 3 arguments but 1 argument was supplied
    --> contracts\hunty-core\src\test.rs:3834:37
     |
3834 |         let owned_nfts = nft_client.get_player_nfts(&player);
     |                                     ^^^^^^^^^^^^^^^--------- two arguments of type `&u32` and `&u32` are missing
     |
note: method defined here
    --> contracts\nft-reward\src\lib.rs:422:12
     |
 422 |     pub fn get_player_nfts(env: Env, owner: Address, offset: u32, limit: u32) -> Vec<u64> {
     |            ^^^^^^^^^^^^^^^
help: provide the arguments
     |
3834 |         let owned_nfts = nft_client.get_player_nfts(&player, /* &u32 */, /* &u32 */);
     |                                                            ++++++++++++++++++++++++

warning: use of deprecated method `soroban_sdk::Env::register_contract`: use `register`
    --> contracts\hunty-core\src\test.rs:3858:27
     |
3858 |         let core_id = env.register_contract(None, HuntyCore);
     |                           ^^^^^^^^^^^^^^^^^

warning: use of deprecated method `soroban_sdk::Env::register_contract`: use `register`
    --> contracts\hunty-core\src\test.rs:3947:27
     |
3947 |         let core_id = env.register_contract(None, HuntyCore);
     |                           ^^^^^^^^^^^^^^^^^

warning: use of deprecated method `soroban_sdk::Env::register_contract`: use `register`
    --> contracts\hunty-core\src\test.rs:4043:27
     |
4043 |         let core_id = env.register_contract(None, HuntyCore);
     |                           ^^^^^^^^^^^^^^^^^

warning: use of deprecated method `soroban_sdk::Env::register_contract`: use `register`
    --> contracts\hunty-core\src\test.rs:4044:35
     |
4044 |         let nft_contract_id = env.register_contract(None, NftReward);
     |                                   ^^^^^^^^^^^^^^^^^

warning: use of deprecated method `soroban_sdk::Env::register_contract`: use `register`
    --> contracts\hunty-core\src\test.rs:4201:31
     |
4201 |         let contract_id = env.register_contract(None, HuntyCore);
     |                               ^^^^^^^^^^^^^^^^^

warning: use of deprecated method `soroban_sdk::Env::register_contract`: use `register`
    --> contracts\hunty-core\src\test.rs:4284:31
     |
4284 |         let contract_id = env.register_contract(None, HuntyCore);
     |                               ^^^^^^^^^^^^^^^^^

warning: use of deprecated method `soroban_sdk::Env::register_contract`: use `register`
    --> contracts\hunty-core\src\test.rs:4402:31
     |
4402 |         let contract_id = env.register_contract(None, HuntyCore);
     |                               ^^^^^^^^^^^^^^^^^

warning: use of deprecated method `soroban_sdk::Env::register_contract`: use `register`
    --> contracts\hunty-core\src\test.rs:4580:27
     |
4580 |         let core_id = env.register_contract(None, HuntyCore);
     |                           ^^^^^^^^^^^^^^^^^

warning: unused import: `Register`
  --> contracts\hunty-core\src\test.rs:29:74
   |
29 |     use soroban_sdk::testutils::{Address as _, Events as _, Ledger as _, Register as _};
   |                                                                          ^^^^^^^^

warning: unused import: `Address`
  --> contracts\hunty-core\src\test.rs:29:34
   |
29 |     use soroban_sdk::testutils::{Address as _, Events as _, Ledger as _, Register as _};
   |                                  ^^^^^^^

warning: unused import: `Ledger`
  --> contracts\hunty-core\src\test.rs:29:61
   |
29 |     use soroban_sdk::testutils::{Address as _, Events as _, Ledger as _, Register as _};
   |                                                             ^^^^^^

warning: unused variable: `hunt_id1`
   --> contracts\hunty-core\src\test.rs:491:14
    |
491 |         let (hunt_id1, hunt_id2, hunt1, hunt2) = with_core_contract(&env, |env, _cid| {
    |              ^^^^^^^^ help: if this is intentional, prefix it with an underscore: `_hunt_id1`
    |
    = note: `#[warn(unused_variables)]` (part of `#[warn(unused)]`) on by default

warning: unused variable: `hunt_id2`
   --> contracts\hunty-core\src\test.rs:491:24
    |
491 |         let (hunt_id1, hunt_id2, hunt1, hunt2) = with_core_contract(&env, |env, _cid| {
    |                        ^^^^^^^^ help: if this is intentional, prefix it with an underscore: `_hunt_id2`

warning: unused variable: `attacker`
    --> contracts\hunty-core\src\test.rs:1644:13
     |
1644 |         let attacker = Address::generate(&env);
     |             ^^^^^^^^ help: if this is intentional, prefix it with an underscore: `_attacker`

warning: unused variable: `attacker`
    --> contracts\hunty-core\src\test.rs:2362:13
     |
2362 |         let attacker = Address::generate(&env);
     |             ^^^^^^^^ help: if this is intentional, prefix it with an underscore: `_attacker`

warning: unused variable: `attacker`
    --> contracts\hunty-core\src\test.rs:2398:13
     |
2398 |         let attacker = Address::generate(&env);
     |             ^^^^^^^^ help: if this is intentional, prefix it with an underscore: `_attacker`

warning: unused variable: `question`
    --> contracts\hunty-core\src\test.rs:2399:13
     |
2399 |         let question = String::from_str(&env, "Valid question");
     |             ^^^^^^^^ help: if this is intentional, prefix it with an underscore: `_question`

warning: unused variable: `answer`
    --> contracts\hunty-core\src\test.rs:2400:13
     |
2400 |         let answer = String::from_str(&env, "a");
     |             ^^^^^^ help: if this is intentional, prefix it with an underscore: `_answer`

warning: unused variable: `token_address`
    --> contracts\hunty-core\src\test.rs:3948:33
     |
3948 |         let (reward_manager_id, token_address, _) = setup_reward_manager(&env, None);
     |                                 ^^^^^^^^^^^^^ help: if this is intentional, prefix it with an underscore: 
`_token_address`

warning: unused variable: `core_id`
    --> contracts\hunty-core\src\test.rs:4580:13
     |
4580 |         let core_id = env.register_contract(None, HuntyCore);
     |             ^^^^^^^ help: if this is intentional, prefix it with an underscore: `_core_id`

Some errors have detailed explanations: E0027, E0061, E0425, E0433.
For more information about an error, try `rustc --explain E0027`.
warning: `hunty-core` (lib test) generated 48 warnings (1 duplicate)
error: could not compile `hunty-core` (lib test) due to 8 previous errors; 48 warnings emitted
